<?xml version="1.0" encoding="UTF-8"?>
<!-- Generated by org.testng.reporters.JUnitReportReporter -->
<testsuite hostname="ERROR" failures="0" tests="1" name="ApplicationTestCases.TestCases" time="14.211" errors="0" timestamp="2024-04-01T03:53:41 EET" skipped="0">
  <testcase classname="ApplicationTestCases.TestCases" name="ClickOnTheEvenNmber" time="14.211"/>
  <system-out/>
</testsuite> <!-- ApplicationTestCases.TestCases -->
